<?xml version="1.0" encoding="UTF-8"?>
<!-- Generated by org.testng.reporters.JUnitXMLReporter -->
<testsuite ignored="0" hostname="SURABHI" failures="2" tests="6" name="ExtendReport.xml" time="67.575" errors="0" timestamp="2025-04-02T10:40:03 GST">
  <testcase classname="com.Obsqura.rmartSupermarket.Testscript.LoginPageTest" name="verifyinvalidusernameandpassword" time="4.66"/>
  <testcase classname="com.Obsqura.rmartSupermarket.Testscript.LoginPageTest" name="verifyinvalidusernameandvalidpassword" time="2.096"/>
  <testcase classname="com.Obsqura.rmartSupermarket.Testscript.LoginPageTest" name="verifyvalidusernameandinvalidpassword" time="2.819"/>
  <testcase classname="com.Obsqura.rmartSupermarket.Testscript.LoginPageTest" name="verifyvalidusernameandpassword" time="1.567">
    <failure type="java.lang.AssertionError" message="login failed expected [Dashboard | 7rmart supermarket] but found [Login | 7rmart supermarket]">
      <![CDATA[java.lang.AssertionError: login failed expected [Dashboard | 7rmart supermarket] but found [Login | 7rmart supermarket]
at com.Obsqura.rmartSupermarket.Testscript.LoginPageTest.verifyvalidusernameandpassword(LoginPageTest.java:26)
at java.base/java.util.ArrayList.forEach(ArrayList.java:1596)
... Removed 30 stack frames]]>
    </failure>
  </testcase> <!-- verifyvalidusernameandpassword -->
  <testcase classname="com.Obsqura.rmartSupermarket.Testscript.LoginPageTest" name="verifyvalidusernameandpassword" time="1.711">
    <failure type="java.lang.AssertionError" message="login failed expected [Dashboard | 7rmart supermarket] but found [Login | 7rmart supermarket]">
      <![CDATA[java.lang.AssertionError: login failed expected [Dashboard | 7rmart supermarket] but found [Login | 7rmart supermarket]
at com.Obsqura.rmartSupermarket.Testscript.LoginPageTest.verifyvalidusernameandpassword(LoginPageTest.java:26)
at java.base/java.util.ArrayList.forEach(ArrayList.java:1596)
... Removed 30 stack frames]]>
    </failure>
  </testcase> <!-- verifyvalidusernameandpassword -->
  <testcase classname="com.Obsqura.rmartSupermarket.Testscript.LoginPageTest" name="verifyvalidusernameandpassword" time="6.338"/>
</testsuite> <!-- ExtendReport.xml -->
